Running: fuse.exe -relaunch -intstyle "ise" -incremental -o "D:/ISEL/3o Ano/6o Semestre/PFC/VHDL/Github/VHDL/TB_InstReg_isim_beh.exe" -prj "D:/ISEL/3o Ano/6o Semestre/PFC/VHDL/Github/VHDL/TB_InstReg_beh.prj" "work.TB_InstReg" 
ISim P.20131013 (signature 0x7708f090)
Number of CPUs detected in this system: 4
Turning on mult-threading, number of parallel sub-compilation jobs: 8 
Determining compilation order of HDL files
Parsing VHDL file "D:/ISEL/3o Ano/6o Semestre/PFC/VHDL/Github/VHDL/Register16bits.vhd" into library work
Parsing VHDL file "D:/ISEL/3o Ano/6o Semestre/PFC/VHDL/Github/VHDL/TB_InstReg.vhd" into library work
Starting static elaboration
Completed static elaboration
Compiling package standard
Compiling package std_logic_1164
Compiling architecture behavioural of entity Register16bits [register16bits_default]
Compiling architecture behavior of entity tb_instreg
Time Resolution for simulation is 1ps.
Waiting for 1 sub-compilation(s) to finish...
WARNING:Simulator - Unable to copy libPortabilityNOSH.dll to the simulation executable directory: boost::filesystem::copy_file: O sistema não conseguiu localizar o caminho especificado, "isim\TB_InstReg_isim_beh.exe.sim\libPortability.dll".
Compiled 5 VHDL Units
Built simulation executable D:/ISEL/3o Ano/6o Semestre/PFC/VHDL/Github/VHDL/TB_InstReg_isim_beh.exe
Fuse Memory Usage: 29424 KB
Fuse CPU Usage: 484 ms
