Command line:
   TB_HiZeroFill_isim_beh.exe
     -simmode  gui
     -simrunnum  0
     -socket  54009

Thu Aug 24 23:41:16 2017


 Elaboration Time: 0.09375 sec

 Current Memory Usage: 1494.97 Meg

 Total Signals          : 4
 Total Nets             : 24
 Total Signal Drivers   : 2
 Total Blocks           : 5
 Total Primitive Blocks : 4
 Total Processes        : 2
 Total Traceable Variables  : 10
 Total Scalar Nets and Variables : 402
Total Line Count : 6

 Total Simulation Time: 0.109375 sec

 Current Memory Usage: 1023.08 Meg

Thu Aug 24 23:42:32 2017

