Command line:
   TB_MUX2x16bits_isim_beh.exe
     -simmode  gui
     -simrunnum  0
     -socket  54032

Fri Aug 25 00:00:14 2017


 Elaboration Time: 0.15625 sec

 Current Memory Usage: 1493.86 Meg

 Total Signals          : 12
 Total Nets             : 82
 Total Signal Drivers   : 6
 Total Blocks           : 3
 Total Primitive Blocks : 2
 Total Processes        : 2
 Total Traceable Variables  : 9
 Total Scalar Nets and Variables : 443
Total Line Count : 20

 Total Simulation Time: 0.15625 sec

 Current Memory Usage: 1179.25 Meg

Fri Aug 25 00:07:38 2017

