Command line:
   TB_InstReg_isim_beh.exe
     -simmode  gui
     -simrunnum  0
     -socket  54069

Fri Aug 25 00:35:15 2017


 Elaboration Time: 0.21875 sec

 Current Memory Usage: 1493.33 Meg

 Total Signals          : 8
 Total Nets             : 34
 Total Signal Drivers   : 4
 Total Blocks           : 3
 Total Primitive Blocks : 2
 Total Processes        : 3
 Total Traceable Variables  : 9
 Total Scalar Nets and Variables : 395
Total Line Count : 18

 Total Simulation Time: 0.21875 sec

 Current Memory Usage: 392.29 Meg

Fri Aug 25 01:34:45 2017

